<?xml version="1.0" encoding="UTF-8"?>
<!-- Generated by org.testng.reporters.JUnitReportReporter -->
<testsuite skipped="2" hostname="VUNGUYEN-PC" name="tests.SBP.DHL_Setting_2" tests="13" failures="1" timestamp="26 Jul 2021 08:23:28 GMT" time="521.323" errors="0">
  <testcase name="Verify_add_new_workflow" time="21.685" classname="tests.SBP.DHL_Setting_2"/>
  <testcase name="Verify_delete_state" time="36.911" classname="tests.SBP.DHL_Setting_2"/>
  <testcase name="Verify_delete_custom_field" time="35.786" classname="tests.SBP.DHL_Setting_2"/>
  <testcase name="Verify_upload_invalidForm" time="66.026" classname="tests.SBP.DHL_Setting_2">
    <failure type="java.lang.AssertionError" message="
Notication Element is not dispalyed.
 expected [true] but found [false]">
      <![CDATA[java.lang.AssertionError: 
Notication Element is not dispalyed.
 expected [true] but found [false]
	at org.testng.Assert.fail(Assert.java:93)
	at org.testng.Assert.failNotEquals(Assert.java:512)
	at org.testng.Assert.assertTrue(Assert.java:41)
	at tests.SBP.DHL_Setting_2.Verify_upload_invalidForm(DHL_Setting_2.java:382)
	at sun.reflect.NativeMethodAccessorImpl.invoke0(Native Method)
	at sun.reflect.NativeMethodAccessorImpl.invoke(NativeMethodAccessorImpl.java:62)
	at sun.reflect.DelegatingMethodAccessorImpl.invoke(DelegatingMethodAccessorImpl.java:43)
	at java.lang.reflect.Method.invoke(Method.java:498)
	at org.testng.internal.MethodInvocationHelper.invokeMethod(MethodInvocationHelper.java:108)
	at org.testng.internal.Invoker.invokeMethod(Invoker.java:661)
	at org.testng.internal.Invoker.retryFailed(Invoker.java:1014)
	at org.testng.internal.Invoker.invokeTestMethods(Invoker.java:1215)
	at org.testng.internal.TestMethodWorker.invokeTestMethods(TestMethodWorker.java:126)
	at org.testng.internal.TestMethodWorker.run(TestMethodWorker.java:109)
	at java.util.concurrent.ThreadPoolExecutor.runWorker(ThreadPoolExecutor.java:1149)
	at java.util.concurrent.ThreadPoolExecutor$Worker.run(ThreadPoolExecutor.java:624)
	at java.lang.Thread.run(Thread.java:748)
]]>
    </failure>
  </testcase> <!-- Verify_upload_invalidForm -->
  <testcase name="Verify_add_new_custom_fields_numberType" time="25.943" classname="tests.SBP.DHL_Setting_2"/>
  <testcase name="Verify_add_new_state_final_state" time="18.965" classname="tests.SBP.DHL_Setting_2"/>
  <testcase name="Verify_edit_custom_fields" time="34.747" classname="tests.SBP.DHL_Setting_2"/>
  <testcase name="Verify_upload_invalidForm" time="67.028" classname="tests.SBP.DHL_Setting_2">
    <skipped/>
  </testcase> <!-- Verify_upload_invalidForm -->
  <testcase name="Verify_edit_state" time="26.364" classname="tests.SBP.DHL_Setting_2"/>
  <testcase name="Verify_edit_workflow" time="55.302" classname="tests.SBP.DHL_Setting_2"/>
  <testcase name="Verify_upload_invalidForm" time="66.441" classname="tests.SBP.DHL_Setting_2">
    <skipped/>
  </testcase> <!-- Verify_upload_invalidForm -->
  <testcase name="Verify_add_new_state_not_final_State" time="21.690" classname="tests.SBP.DHL_Setting_2"/>
  <testcase name="Verify_delete_workflow" time="44.435" classname="tests.SBP.DHL_Setting_2"/>
</testsuite> <!-- tests.SBP.DHL_Setting_2 -->
